
2024/12/22 20:18:17 C:/Users/Administrator/Desktop/projects/tz-gin/models/init.go:55
[0.000ms] [rows:-] SELECT DATABASE()

2024/12/22 20:18:17 C:/Users/Administrator/Desktop/projects/tz-gin/models/init.go:55
[2.585ms] [rows:1] SELECT SCHEMA_NAME from Information_schema.SCHEMATA where SCHEMA_NAME LIKE 'tenzor2024%' ORDER BY SCHEMA_NAME='tenzor2024' DESC,SCHEMA_NAME limit 1

2024/12/22 20:18:17 C:/Users/Administrator/Desktop/projects/tz-gin/models/init.go:55
[0.964ms] [rows:-] SELECT count(*) FROM information_schema.tables WHERE table_schema = 'tenzor2024' AND table_name = 'courses' AND table_type = 'BASE TABLE'

2024/12/22 20:18:17 C:/Users/Administrator/Desktop/projects/tz-gin/models/init.go:55
[0.000ms] [rows:-] SELECT DATABASE()

2024/12/22 20:18:17 C:/Users/Administrator/Desktop/projects/tz-gin/models/init.go:55
[0.501ms] [rows:1] SELECT SCHEMA_NAME from Information_schema.SCHEMATA where SCHEMA_NAME LIKE 'tenzor2024%' ORDER BY SCHEMA_NAME='tenzor2024' DESC,SCHEMA_NAME limit 1

2024/12/22 20:18:17 C:/Users/Administrator/Desktop/projects/tz-gin/models/init.go:55
[8.026ms] [rows:-] SELECT * FROM `courses` LIMIT 1

2024/12/22 20:18:17 C:/Users/Administrator/Desktop/projects/tz-gin/models/init.go:55
[1.097ms] [rows:-] SELECT column_name, column_default, is_nullable = 'YES', data_type, character_maximum_length, column_type, column_key, extra, column_comment, numeric_precision, numeric_scale , datetime_precision FROM information_schema.columns WHERE table_schema = 'tenzor2024' AND table_name = 'courses' ORDER BY ORDINAL_POSITION

2024/12/22 20:18:17 C:/Users/Administrator/Desktop/projects/tz-gin/models/init.go:55
[0.000ms] [rows:-] SELECT DATABASE()

2024/12/22 20:18:17 C:/Users/Administrator/Desktop/projects/tz-gin/models/init.go:55
[0.375ms] [rows:1] SELECT SCHEMA_NAME from Information_schema.SCHEMATA where SCHEMA_NAME LIKE 'tenzor2024%' ORDER BY SCHEMA_NAME='tenzor2024' DESC,SCHEMA_NAME limit 1

2024/12/22 20:18:17 C:/Users/Administrator/Desktop/projects/tz-gin/models/init.go:55
[0.635ms] [rows:-] SELECT count(*) FROM information_schema.statistics WHERE table_schema = 'tenzor2024' AND table_name = 'courses' AND index_name = 'idx_courses_deleted_at'

2024/12/22 20:18:17 C:/Users/Administrator/Desktop/projects/tz-gin/models/init.go:55
[0.000ms] [rows:-] SELECT DATABASE()

2024/12/22 20:18:17 C:/Users/Administrator/Desktop/projects/tz-gin/models/init.go:55
[0.000ms] [rows:1] SELECT SCHEMA_NAME from Information_schema.SCHEMATA where SCHEMA_NAME LIKE 'tenzor2024%' ORDER BY SCHEMA_NAME='tenzor2024' DESC,SCHEMA_NAME limit 1

2024/12/22 20:18:17 C:/Users/Administrator/Desktop/projects/tz-gin/models/init.go:55
[0.620ms] [rows:-] SELECT count(*) FROM information_schema.tables WHERE table_schema = 'tenzor2024' AND table_name = 'students' AND table_type = 'BASE TABLE'

2024/12/22 20:18:17 C:/Users/Administrator/Desktop/projects/tz-gin/models/init.go:55
[0.000ms] [rows:-] SELECT DATABASE()

2024/12/22 20:18:17 C:/Users/Administrator/Desktop/projects/tz-gin/models/init.go:55
[2.373ms] [rows:1] SELECT SCHEMA_NAME from Information_schema.SCHEMATA where SCHEMA_NAME LIKE 'tenzor2024%' ORDER BY SCHEMA_NAME='tenzor2024' DESC,SCHEMA_NAME limit 1

2024/12/22 20:18:17 C:/Users/Administrator/Desktop/projects/tz-gin/models/init.go:55
[0.503ms] [rows:-] SELECT * FROM `students` LIMIT 1

2024/12/22 20:18:17 C:/Users/Administrator/Desktop/projects/tz-gin/models/init.go:55
[1.165ms] [rows:-] SELECT column_name, column_default, is_nullable = 'YES', data_type, character_maximum_length, column_type, column_key, extra, column_comment, numeric_precision, numeric_scale , datetime_precision FROM information_schema.columns WHERE table_schema = 'tenzor2024' AND table_name = 'students' ORDER BY ORDINAL_POSITION

2024/12/22 20:18:17 C:/Users/Administrator/Desktop/projects/tz-gin/models/init.go:55
[0.000ms] [rows:-] SELECT DATABASE()

2024/12/22 20:18:17 C:/Users/Administrator/Desktop/projects/tz-gin/models/init.go:55
[0.502ms] [rows:1] SELECT SCHEMA_NAME from Information_schema.SCHEMATA where SCHEMA_NAME LIKE 'tenzor2024%' ORDER BY SCHEMA_NAME='tenzor2024' DESC,SCHEMA_NAME limit 1

2024/12/22 20:18:17 C:/Users/Administrator/Desktop/projects/tz-gin/models/init.go:55
[0.512ms] [rows:-] SELECT count(*) FROM information_schema.statistics WHERE table_schema = 'tenzor2024' AND table_name = 'students' AND index_name = 'idx_students_deleted_at'

2024/12/22 20:18:17 C:/Users/Administrator/Desktop/projects/tz-gin/models/init.go:55
[0.000ms] [rows:-] SELECT DATABASE()

2024/12/22 20:18:17 C:/Users/Administrator/Desktop/projects/tz-gin/models/init.go:55
[0.502ms] [rows:1] SELECT SCHEMA_NAME from Information_schema.SCHEMATA where SCHEMA_NAME LIKE 'tenzor2024%' ORDER BY SCHEMA_NAME='tenzor2024' DESC,SCHEMA_NAME limit 1

2024/12/22 20:18:17 C:/Users/Administrator/Desktop/projects/tz-gin/models/init.go:55
[0.000ms] [rows:-] SELECT count(*) FROM information_schema.tables WHERE table_schema = 'tenzor2024' AND table_name = 'student_courses' AND table_type = 'BASE TABLE'

2024/12/22 20:18:17 C:/Users/Administrator/Desktop/projects/tz-gin/models/init.go:55
[0.000ms] [rows:-] SELECT DATABASE()

2024/12/22 20:18:17 C:/Users/Administrator/Desktop/projects/tz-gin/models/init.go:55
[0.575ms] [rows:1] SELECT SCHEMA_NAME from Information_schema.SCHEMATA where SCHEMA_NAME LIKE 'tenzor2024%' ORDER BY SCHEMA_NAME='tenzor2024' DESC,SCHEMA_NAME limit 1

2024/12/22 20:18:17 C:/Users/Administrator/Desktop/projects/tz-gin/models/init.go:55
[0.936ms] [rows:-] SELECT * FROM `student_courses` LIMIT 1

2024/12/22 20:18:17 C:/Users/Administrator/Desktop/projects/tz-gin/models/init.go:55
[0.000ms] [rows:-] SELECT column_name, column_default, is_nullable = 'YES', data_type, character_maximum_length, column_type, column_key, extra, column_comment, numeric_precision, numeric_scale , datetime_precision FROM information_schema.columns WHERE table_schema = 'tenzor2024' AND table_name = 'student_courses' ORDER BY ORDINAL_POSITION

2024/12/22 20:18:17 C:/Users/Administrator/Desktop/projects/tz-gin/models/init.go:55
[0.000ms] [rows:-] SELECT DATABASE()

2024/12/22 20:18:17 C:/Users/Administrator/Desktop/projects/tz-gin/models/init.go:55
[0.000ms] [rows:1] SELECT SCHEMA_NAME from Information_schema.SCHEMATA where SCHEMA_NAME LIKE 'tenzor2024%' ORDER BY SCHEMA_NAME='tenzor2024' DESC,SCHEMA_NAME limit 1

2024/12/22 20:18:17 C:/Users/Administrator/Desktop/projects/tz-gin/models/init.go:55
[0.507ms] [rows:-] SELECT count(*) FROM INFORMATION_SCHEMA.table_constraints WHERE constraint_schema = 'tenzor2024' AND table_name = 'student_courses' AND constraint_name = 'fk_student_courses_student_model'

2024/12/22 20:18:17 C:/Users/Administrator/Desktop/projects/tz-gin/models/init.go:55
[0.000ms] [rows:-] SELECT DATABASE()

2024/12/22 20:18:17 C:/Users/Administrator/Desktop/projects/tz-gin/models/init.go:55
[0.502ms] [rows:1] SELECT SCHEMA_NAME from Information_schema.SCHEMATA where SCHEMA_NAME LIKE 'tenzor2024%' ORDER BY SCHEMA_NAME='tenzor2024' DESC,SCHEMA_NAME limit 1

2024/12/22 20:18:17 C:/Users/Administrator/Desktop/projects/tz-gin/models/init.go:55
[0.738ms] [rows:-] SELECT count(*) FROM INFORMATION_SCHEMA.table_constraints WHERE constraint_schema = 'tenzor2024' AND table_name = 'student_courses' AND constraint_name = 'fk_student_courses_course_model'

2024/12/22 20:18:17 C:/Users/Administrator/Desktop/projects/tz-gin/models/init.go:55
[0.000ms] [rows:-] SELECT DATABASE()

2024/12/22 20:18:17 C:/Users/Administrator/Desktop/projects/tz-gin/models/init.go:55
[0.866ms] [rows:1] SELECT SCHEMA_NAME from Information_schema.SCHEMATA where SCHEMA_NAME LIKE 'tenzor2024%' ORDER BY SCHEMA_NAME='tenzor2024' DESC,SCHEMA_NAME limit 1

2024/12/22 20:18:17 C:/Users/Administrator/Desktop/projects/tz-gin/models/init.go:55
[0.501ms] [rows:-] SELECT count(*) FROM information_schema.tables WHERE table_schema = 'tenzor2024' AND table_name = 'teachers' AND table_type = 'BASE TABLE'

2024/12/22 20:18:17 C:/Users/Administrator/Desktop/projects/tz-gin/models/init.go:55
[0.000ms] [rows:-] SELECT DATABASE()

2024/12/22 20:18:17 C:/Users/Administrator/Desktop/projects/tz-gin/models/init.go:55
[0.503ms] [rows:1] SELECT SCHEMA_NAME from Information_schema.SCHEMATA where SCHEMA_NAME LIKE 'tenzor2024%' ORDER BY SCHEMA_NAME='tenzor2024' DESC,SCHEMA_NAME limit 1

2024/12/22 20:18:17 C:/Users/Administrator/Desktop/projects/tz-gin/models/init.go:55
[1.526ms] [rows:-] SELECT * FROM `teachers` LIMIT 1

2024/12/22 20:18:17 C:/Users/Administrator/Desktop/projects/tz-gin/models/init.go:55
[0.717ms] [rows:-] SELECT column_name, column_default, is_nullable = 'YES', data_type, character_maximum_length, column_type, column_key, extra, column_comment, numeric_precision, numeric_scale , datetime_precision FROM information_schema.columns WHERE table_schema = 'tenzor2024' AND table_name = 'teachers' ORDER BY ORDINAL_POSITION

2024/12/22 20:18:17 C:/Users/Administrator/Desktop/projects/tz-gin/models/init.go:55
[0.501ms] [rows:-] SELECT DATABASE()

2024/12/22 20:18:17 C:/Users/Administrator/Desktop/projects/tz-gin/models/init.go:55
[0.000ms] [rows:1] SELECT SCHEMA_NAME from Information_schema.SCHEMATA where SCHEMA_NAME LIKE 'tenzor2024%' ORDER BY SCHEMA_NAME='tenzor2024' DESC,SCHEMA_NAME limit 1

2024/12/22 20:18:17 C:/Users/Administrator/Desktop/projects/tz-gin/models/init.go:55
[0.781ms] [rows:-] SELECT count(*) FROM information_schema.statistics WHERE table_schema = 'tenzor2024' AND table_name = 'teachers' AND index_name = 'idx_teachers_deleted_at'

2024/12/22 20:18:17 C:/Users/Administrator/Desktop/projects/tz-gin/models/init.go:55
[0.000ms] [rows:-] SELECT DATABASE()

2024/12/22 20:18:17 C:/Users/Administrator/Desktop/projects/tz-gin/models/init.go:55
[0.502ms] [rows:1] SELECT SCHEMA_NAME from Information_schema.SCHEMATA where SCHEMA_NAME LIKE 'tenzor2024%' ORDER BY SCHEMA_NAME='tenzor2024' DESC,SCHEMA_NAME limit 1

2024/12/22 20:18:17 C:/Users/Administrator/Desktop/projects/tz-gin/models/init.go:55
[0.000ms] [rows:-] SELECT count(*) FROM information_schema.tables WHERE table_schema = 'tenzor2024' AND table_name = 'teacher_courses' AND table_type = 'BASE TABLE'

2024/12/22 20:18:17 C:/Users/Administrator/Desktop/projects/tz-gin/models/init.go:55
[0.141ms] [rows:-] SELECT DATABASE()

2024/12/22 20:18:17 C:/Users/Administrator/Desktop/projects/tz-gin/models/init.go:55
[0.000ms] [rows:1] SELECT SCHEMA_NAME from Information_schema.SCHEMATA where SCHEMA_NAME LIKE 'tenzor2024%' ORDER BY SCHEMA_NAME='tenzor2024' DESC,SCHEMA_NAME limit 1

2024/12/22 20:18:17 C:/Users/Administrator/Desktop/projects/tz-gin/models/init.go:55
[1.335ms] [rows:-] SELECT * FROM `teacher_courses` LIMIT 1

2024/12/22 20:18:17 C:/Users/Administrator/Desktop/projects/tz-gin/models/init.go:55
[0.000ms] [rows:-] SELECT column_name, column_default, is_nullable = 'YES', data_type, character_maximum_length, column_type, column_key, extra, column_comment, numeric_precision, numeric_scale , datetime_precision FROM information_schema.columns WHERE table_schema = 'tenzor2024' AND table_name = 'teacher_courses' ORDER BY ORDINAL_POSITION

2024/12/22 20:18:17 C:/Users/Administrator/Desktop/projects/tz-gin/models/init.go:55
[0.000ms] [rows:-] SELECT DATABASE()

2024/12/22 20:18:17 C:/Users/Administrator/Desktop/projects/tz-gin/models/init.go:55
[0.000ms] [rows:1] SELECT SCHEMA_NAME from Information_schema.SCHEMATA where SCHEMA_NAME LIKE 'tenzor2024%' ORDER BY SCHEMA_NAME='tenzor2024' DESC,SCHEMA_NAME limit 1

2024/12/22 20:18:17 C:/Users/Administrator/Desktop/projects/tz-gin/models/init.go:55
[0.632ms] [rows:-] SELECT count(*) FROM INFORMATION_SCHEMA.table_constraints WHERE constraint_schema = 'tenzor2024' AND table_name = 'teacher_courses' AND constraint_name = 'fk_teacher_courses_teacher_model'

2024/12/22 20:18:17 C:/Users/Administrator/Desktop/projects/tz-gin/models/init.go:55
[0.000ms] [rows:-] SELECT DATABASE()

2024/12/22 20:18:17 C:/Users/Administrator/Desktop/projects/tz-gin/models/init.go:55
[0.607ms] [rows:1] SELECT SCHEMA_NAME from Information_schema.SCHEMATA where SCHEMA_NAME LIKE 'tenzor2024%' ORDER BY SCHEMA_NAME='tenzor2024' DESC,SCHEMA_NAME limit 1

2024/12/22 20:18:17 C:/Users/Administrator/Desktop/projects/tz-gin/models/init.go:55
[0.502ms] [rows:-] SELECT count(*) FROM INFORMATION_SCHEMA.table_constraints WHERE constraint_schema = 'tenzor2024' AND table_name = 'teacher_courses' AND constraint_name = 'fk_teacher_courses_course_model'

2024/12/22 20:18:17 C:/Users/Administrator/Desktop/projects/tz-gin/models/init.go:55
[0.000ms] [rows:-] SELECT DATABASE()

2024/12/22 20:18:17 C:/Users/Administrator/Desktop/projects/tz-gin/models/init.go:55
[0.636ms] [rows:1] SELECT SCHEMA_NAME from Information_schema.SCHEMATA where SCHEMA_NAME LIKE 'tenzor2024%' ORDER BY SCHEMA_NAME='tenzor2024' DESC,SCHEMA_NAME limit 1

2024/12/22 20:18:17 C:/Users/Administrator/Desktop/projects/tz-gin/models/init.go:55
[0.000ms] [rows:-] SELECT count(*) FROM information_schema.tables WHERE table_schema = 'tenzor2024' AND table_name = 'users' AND table_type = 'BASE TABLE'

2024/12/22 20:18:17 C:/Users/Administrator/Desktop/projects/tz-gin/models/init.go:55
[0.000ms] [rows:-] SELECT DATABASE()

2024/12/22 20:18:17 C:/Users/Administrator/Desktop/projects/tz-gin/models/init.go:55
[0.572ms] [rows:1] SELECT SCHEMA_NAME from Information_schema.SCHEMATA where SCHEMA_NAME LIKE 'tenzor2024%' ORDER BY SCHEMA_NAME='tenzor2024' DESC,SCHEMA_NAME limit 1

2024/12/22 20:18:17 C:/Users/Administrator/Desktop/projects/tz-gin/models/init.go:55
[1.035ms] [rows:-] SELECT * FROM `users` LIMIT 1

2024/12/22 20:18:17 C:/Users/Administrator/Desktop/projects/tz-gin/models/init.go:55
[0.826ms] [rows:-] SELECT column_name, column_default, is_nullable = 'YES', data_type, character_maximum_length, column_type, column_key, extra, column_comment, numeric_precision, numeric_scale , datetime_precision FROM information_schema.columns WHERE table_schema = 'tenzor2024' AND table_name = 'users' ORDER BY ORDINAL_POSITION

2024/12/22 20:18:17 C:/Users/Administrator/Desktop/projects/tz-gin/models/init.go:55
[0.000ms] [rows:-] SELECT DATABASE()

2024/12/22 20:18:17 C:/Users/Administrator/Desktop/projects/tz-gin/models/init.go:55
[0.000ms] [rows:1] SELECT SCHEMA_NAME from Information_schema.SCHEMATA where SCHEMA_NAME LIKE 'tenzor2024%' ORDER BY SCHEMA_NAME='tenzor2024' DESC,SCHEMA_NAME limit 1

2024/12/22 20:18:17 C:/Users/Administrator/Desktop/projects/tz-gin/models/init.go:55
[1.002ms] [rows:-] SELECT count(*) FROM information_schema.statistics WHERE table_schema = 'tenzor2024' AND table_name = 'users' AND index_name = 'idx_users_deleted_at'

2024/12/22 20:29:57 C:/Users/Administrator/Desktop/projects/tz-gin/service/user.go:16
[0.000ms] [rows:1] SELECT * FROM `users` WHERE student_id ='00012322144' AND `users`.`deleted_at` IS NULL ORDER BY `users`.`id` LIMIT 1

2024/12/22 20:29:57 C:/Users/Administrator/Desktop/projects/tz-gin/controller/user.go:92
[0.293ms] [rows:1] SELECT * FROM `students` WHERE user_id = 1 AND `students`.`deleted_at` IS NULL ORDER BY `students`.`id` LIMIT 1
