
2024/12/21 19:40:40 C:/Users/Administrator/Desktop/projects/tz-gin/models/init.go:55
[0.000ms] [rows:-] SELECT DATABASE()

2024/12/21 19:40:40 C:/Users/Administrator/Desktop/projects/tz-gin/models/init.go:55
[2.267ms] [rows:1] SELECT SCHEMA_NAME from Information_schema.SCHEMATA where SCHEMA_NAME LIKE 'tenzor2024%' ORDER BY SCHEMA_NAME='tenzor2024' DESC,SCHEMA_NAME limit 1

2024/12/21 19:40:40 C:/Users/Administrator/Desktop/projects/tz-gin/models/init.go:55
[1.218ms] [rows:-] SELECT count(*) FROM information_schema.tables WHERE table_schema = 'tenzor2024' AND table_name = 'courses' AND table_type = 'BASE TABLE'

2024/12/21 19:40:40 C:/Users/Administrator/Desktop/projects/tz-gin/models/init.go:55
[0.000ms] [rows:-] SELECT DATABASE()

2024/12/21 19:40:40 C:/Users/Administrator/Desktop/projects/tz-gin/models/init.go:55
[0.000ms] [rows:1] SELECT SCHEMA_NAME from Information_schema.SCHEMATA where SCHEMA_NAME LIKE 'tenzor2024%' ORDER BY SCHEMA_NAME='tenzor2024' DESC,SCHEMA_NAME limit 1

2024/12/21 19:40:40 C:/Users/Administrator/Desktop/projects/tz-gin/models/init.go:55
[3.892ms] [rows:-] SELECT * FROM `courses` LIMIT 1

2024/12/21 19:40:40 C:/Users/Administrator/Desktop/projects/tz-gin/models/init.go:55
[0.667ms] [rows:-] SELECT column_name, column_default, is_nullable = 'YES', data_type, character_maximum_length, column_type, column_key, extra, column_comment, numeric_precision, numeric_scale , datetime_precision FROM information_schema.columns WHERE table_schema = 'tenzor2024' AND table_name = 'courses' ORDER BY ORDINAL_POSITION

2024/12/21 19:40:40 C:/Users/Administrator/Desktop/projects/tz-gin/models/init.go:55
[0.000ms] [rows:-] SELECT DATABASE()

2024/12/21 19:40:40 C:/Users/Administrator/Desktop/projects/tz-gin/models/init.go:55
[0.569ms] [rows:1] SELECT SCHEMA_NAME from Information_schema.SCHEMATA where SCHEMA_NAME LIKE 'tenzor2024%' ORDER BY SCHEMA_NAME='tenzor2024' DESC,SCHEMA_NAME limit 1

2024/12/21 19:40:40 C:/Users/Administrator/Desktop/projects/tz-gin/models/init.go:55
[0.694ms] [rows:-] SELECT count(*) FROM information_schema.statistics WHERE table_schema = 'tenzor2024' AND table_name = 'courses' AND index_name = 'idx_courses_deleted_at'

2024/12/21 19:40:40 C:/Users/Administrator/Desktop/projects/tz-gin/models/init.go:55
[0.000ms] [rows:-] SELECT DATABASE()

2024/12/21 19:40:40 C:/Users/Administrator/Desktop/projects/tz-gin/models/init.go:55
[0.590ms] [rows:1] SELECT SCHEMA_NAME from Information_schema.SCHEMATA where SCHEMA_NAME LIKE 'tenzor2024%' ORDER BY SCHEMA_NAME='tenzor2024' DESC,SCHEMA_NAME limit 1

2024/12/21 19:40:40 C:/Users/Administrator/Desktop/projects/tz-gin/models/init.go:55
[0.501ms] [rows:-] SELECT count(*) FROM information_schema.tables WHERE table_schema = 'tenzor2024' AND table_name = 'students' AND table_type = 'BASE TABLE'

2024/12/21 19:40:40 C:/Users/Administrator/Desktop/projects/tz-gin/models/init.go:55
[0.000ms] [rows:-] SELECT DATABASE()

2024/12/21 19:40:40 C:/Users/Administrator/Desktop/projects/tz-gin/models/init.go:55
[0.501ms] [rows:1] SELECT SCHEMA_NAME from Information_schema.SCHEMATA where SCHEMA_NAME LIKE 'tenzor2024%' ORDER BY SCHEMA_NAME='tenzor2024' DESC,SCHEMA_NAME limit 1

2024/12/21 19:40:40 C:/Users/Administrator/Desktop/projects/tz-gin/models/init.go:55
[0.788ms] [rows:-] SELECT * FROM `students` LIMIT 1

2024/12/21 19:40:40 C:/Users/Administrator/Desktop/projects/tz-gin/models/init.go:55
[0.688ms] [rows:-] SELECT column_name, column_default, is_nullable = 'YES', data_type, character_maximum_length, column_type, column_key, extra, column_comment, numeric_precision, numeric_scale , datetime_precision FROM information_schema.columns WHERE table_schema = 'tenzor2024' AND table_name = 'students' ORDER BY ORDINAL_POSITION

2024/12/21 19:40:40 C:/Users/Administrator/Desktop/projects/tz-gin/models/init.go:55
[0.501ms] [rows:-] SELECT DATABASE()

2024/12/21 19:40:40 C:/Users/Administrator/Desktop/projects/tz-gin/models/init.go:55
[0.000ms] [rows:1] SELECT SCHEMA_NAME from Information_schema.SCHEMATA where SCHEMA_NAME LIKE 'tenzor2024%' ORDER BY SCHEMA_NAME='tenzor2024' DESC,SCHEMA_NAME limit 1

2024/12/21 19:40:40 C:/Users/Administrator/Desktop/projects/tz-gin/models/init.go:55
[0.490ms] [rows:-] SELECT count(*) FROM information_schema.statistics WHERE table_schema = 'tenzor2024' AND table_name = 'students' AND index_name = 'idx_students_deleted_at'

2024/12/21 19:40:40 C:/Users/Administrator/Desktop/projects/tz-gin/models/init.go:55
[0.000ms] [rows:-] SELECT DATABASE()

2024/12/21 19:40:40 C:/Users/Administrator/Desktop/projects/tz-gin/models/init.go:55
[0.112ms] [rows:1] SELECT SCHEMA_NAME from Information_schema.SCHEMATA where SCHEMA_NAME LIKE 'tenzor2024%' ORDER BY SCHEMA_NAME='tenzor2024' DESC,SCHEMA_NAME limit 1

2024/12/21 19:40:40 C:/Users/Administrator/Desktop/projects/tz-gin/models/init.go:55
[0.501ms] [rows:-] SELECT count(*) FROM information_schema.tables WHERE table_schema = 'tenzor2024' AND table_name = 'student_courses' AND table_type = 'BASE TABLE'

2024/12/21 19:40:40 C:/Users/Administrator/Desktop/projects/tz-gin/models/init.go:55
[0.000ms] [rows:-] SELECT DATABASE()

2024/12/21 19:40:40 C:/Users/Administrator/Desktop/projects/tz-gin/models/init.go:55
[0.000ms] [rows:1] SELECT SCHEMA_NAME from Information_schema.SCHEMATA where SCHEMA_NAME LIKE 'tenzor2024%' ORDER BY SCHEMA_NAME='tenzor2024' DESC,SCHEMA_NAME limit 1

2024/12/21 19:40:40 C:/Users/Administrator/Desktop/projects/tz-gin/models/init.go:55
[0.509ms] [rows:-] SELECT * FROM `student_courses` LIMIT 1

2024/12/21 19:40:40 C:/Users/Administrator/Desktop/projects/tz-gin/models/init.go:55
[0.501ms] [rows:-] SELECT column_name, column_default, is_nullable = 'YES', data_type, character_maximum_length, column_type, column_key, extra, column_comment, numeric_precision, numeric_scale , datetime_precision FROM information_schema.columns WHERE table_schema = 'tenzor2024' AND table_name = 'student_courses' ORDER BY ORDINAL_POSITION

2024/12/21 19:40:40 C:/Users/Administrator/Desktop/projects/tz-gin/models/init.go:55
[0.000ms] [rows:-] SELECT DATABASE()

2024/12/21 19:40:40 C:/Users/Administrator/Desktop/projects/tz-gin/models/init.go:55
[0.501ms] [rows:1] SELECT SCHEMA_NAME from Information_schema.SCHEMATA where SCHEMA_NAME LIKE 'tenzor2024%' ORDER BY SCHEMA_NAME='tenzor2024' DESC,SCHEMA_NAME limit 1

2024/12/21 19:40:40 C:/Users/Administrator/Desktop/projects/tz-gin/models/init.go:55
[0.501ms] [rows:-] SELECT count(*) FROM INFORMATION_SCHEMA.table_constraints WHERE constraint_schema = 'tenzor2024' AND table_name = 'student_courses' AND constraint_name = 'fk_student_courses_student_model'

2024/12/21 19:40:40 C:/Users/Administrator/Desktop/projects/tz-gin/models/init.go:55
[0.000ms] [rows:-] SELECT DATABASE()

2024/12/21 19:40:40 C:/Users/Administrator/Desktop/projects/tz-gin/models/init.go:55
[0.651ms] [rows:1] SELECT SCHEMA_NAME from Information_schema.SCHEMATA where SCHEMA_NAME LIKE 'tenzor2024%' ORDER BY SCHEMA_NAME='tenzor2024' DESC,SCHEMA_NAME limit 1

2024/12/21 19:40:40 C:/Users/Administrator/Desktop/projects/tz-gin/models/init.go:55
[0.501ms] [rows:-] SELECT count(*) FROM INFORMATION_SCHEMA.table_constraints WHERE constraint_schema = 'tenzor2024' AND table_name = 'student_courses' AND constraint_name = 'fk_student_courses_course_model'

2024/12/21 19:40:40 C:/Users/Administrator/Desktop/projects/tz-gin/models/init.go:55
[0.000ms] [rows:-] SELECT DATABASE()

2024/12/21 19:40:40 C:/Users/Administrator/Desktop/projects/tz-gin/models/init.go:55
[0.614ms] [rows:1] SELECT SCHEMA_NAME from Information_schema.SCHEMATA where SCHEMA_NAME LIKE 'tenzor2024%' ORDER BY SCHEMA_NAME='tenzor2024' DESC,SCHEMA_NAME limit 1

2024/12/21 19:40:40 C:/Users/Administrator/Desktop/projects/tz-gin/models/init.go:55
[0.501ms] [rows:-] SELECT count(*) FROM information_schema.tables WHERE table_schema = 'tenzor2024' AND table_name = 'teachers' AND table_type = 'BASE TABLE'

2024/12/21 19:40:40 C:/Users/Administrator/Desktop/projects/tz-gin/models/init.go:55
[0.000ms] [rows:-] SELECT DATABASE()

2024/12/21 19:40:40 C:/Users/Administrator/Desktop/projects/tz-gin/models/init.go:55
[0.616ms] [rows:1] SELECT SCHEMA_NAME from Information_schema.SCHEMATA where SCHEMA_NAME LIKE 'tenzor2024%' ORDER BY SCHEMA_NAME='tenzor2024' DESC,SCHEMA_NAME limit 1

2024/12/21 19:40:40 C:/Users/Administrator/Desktop/projects/tz-gin/models/init.go:55
[1.078ms] [rows:-] SELECT * FROM `teachers` LIMIT 1

2024/12/21 19:40:40 C:/Users/Administrator/Desktop/projects/tz-gin/models/init.go:55
[0.501ms] [rows:-] SELECT column_name, column_default, is_nullable = 'YES', data_type, character_maximum_length, column_type, column_key, extra, column_comment, numeric_precision, numeric_scale , datetime_precision FROM information_schema.columns WHERE table_schema = 'tenzor2024' AND table_name = 'teachers' ORDER BY ORDINAL_POSITION

2024/12/21 19:40:40 C:/Users/Administrator/Desktop/projects/tz-gin/models/init.go:55
[0.000ms] [rows:-] SELECT DATABASE()

2024/12/21 19:40:40 C:/Users/Administrator/Desktop/projects/tz-gin/models/init.go:55
[0.000ms] [rows:1] SELECT SCHEMA_NAME from Information_schema.SCHEMATA where SCHEMA_NAME LIKE 'tenzor2024%' ORDER BY SCHEMA_NAME='tenzor2024' DESC,SCHEMA_NAME limit 1

2024/12/21 19:40:40 C:/Users/Administrator/Desktop/projects/tz-gin/models/init.go:55
[0.507ms] [rows:-] SELECT count(*) FROM information_schema.statistics WHERE table_schema = 'tenzor2024' AND table_name = 'teachers' AND index_name = 'idx_teachers_deleted_at'

2024/12/21 19:40:40 C:/Users/Administrator/Desktop/projects/tz-gin/models/init.go:55
[0.000ms] [rows:-] SELECT DATABASE()

2024/12/21 19:40:40 C:/Users/Administrator/Desktop/projects/tz-gin/models/init.go:55
[0.000ms] [rows:1] SELECT SCHEMA_NAME from Information_schema.SCHEMATA where SCHEMA_NAME LIKE 'tenzor2024%' ORDER BY SCHEMA_NAME='tenzor2024' DESC,SCHEMA_NAME limit 1

2024/12/21 19:40:40 C:/Users/Administrator/Desktop/projects/tz-gin/models/init.go:55
[0.000ms] [rows:-] SELECT count(*) FROM information_schema.tables WHERE table_schema = 'tenzor2024' AND table_name = 'teacher_courses' AND table_type = 'BASE TABLE'

2024/12/21 19:40:40 C:/Users/Administrator/Desktop/projects/tz-gin/models/init.go:55
[0.000ms] [rows:-] SELECT DATABASE()

2024/12/21 19:40:40 C:/Users/Administrator/Desktop/projects/tz-gin/models/init.go:55
[0.000ms] [rows:1] SELECT SCHEMA_NAME from Information_schema.SCHEMATA where SCHEMA_NAME LIKE 'tenzor2024%' ORDER BY SCHEMA_NAME='tenzor2024' DESC,SCHEMA_NAME limit 1

2024/12/21 19:40:40 C:/Users/Administrator/Desktop/projects/tz-gin/models/init.go:55
[0.506ms] [rows:-] SELECT * FROM `teacher_courses` LIMIT 1

2024/12/21 19:40:40 C:/Users/Administrator/Desktop/projects/tz-gin/models/init.go:55
[0.501ms] [rows:-] SELECT column_name, column_default, is_nullable = 'YES', data_type, character_maximum_length, column_type, column_key, extra, column_comment, numeric_precision, numeric_scale , datetime_precision FROM information_schema.columns WHERE table_schema = 'tenzor2024' AND table_name = 'teacher_courses' ORDER BY ORDINAL_POSITION

2024/12/21 19:40:40 C:/Users/Administrator/Desktop/projects/tz-gin/models/init.go:55
[0.000ms] [rows:-] SELECT DATABASE()

2024/12/21 19:40:40 C:/Users/Administrator/Desktop/projects/tz-gin/models/init.go:55
[0.563ms] [rows:1] SELECT SCHEMA_NAME from Information_schema.SCHEMATA where SCHEMA_NAME LIKE 'tenzor2024%' ORDER BY SCHEMA_NAME='tenzor2024' DESC,SCHEMA_NAME limit 1

2024/12/21 19:40:40 C:/Users/Administrator/Desktop/projects/tz-gin/models/init.go:55
[0.501ms] [rows:-] SELECT count(*) FROM INFORMATION_SCHEMA.table_constraints WHERE constraint_schema = 'tenzor2024' AND table_name = 'teacher_courses' AND constraint_name = 'fk_teacher_courses_teacher_model'

2024/12/21 19:40:40 C:/Users/Administrator/Desktop/projects/tz-gin/models/init.go:55
[0.000ms] [rows:-] SELECT DATABASE()

2024/12/21 19:40:40 C:/Users/Administrator/Desktop/projects/tz-gin/models/init.go:55
[0.000ms] [rows:1] SELECT SCHEMA_NAME from Information_schema.SCHEMATA where SCHEMA_NAME LIKE 'tenzor2024%' ORDER BY SCHEMA_NAME='tenzor2024' DESC,SCHEMA_NAME limit 1

2024/12/21 19:40:40 C:/Users/Administrator/Desktop/projects/tz-gin/models/init.go:55
[0.000ms] [rows:-] SELECT count(*) FROM INFORMATION_SCHEMA.table_constraints WHERE constraint_schema = 'tenzor2024' AND table_name = 'teacher_courses' AND constraint_name = 'fk_teacher_courses_course_model'

2024/12/21 19:40:40 C:/Users/Administrator/Desktop/projects/tz-gin/models/init.go:55
[0.000ms] [rows:-] SELECT DATABASE()

2024/12/21 19:40:40 C:/Users/Administrator/Desktop/projects/tz-gin/models/init.go:55
[0.000ms] [rows:1] SELECT SCHEMA_NAME from Information_schema.SCHEMATA where SCHEMA_NAME LIKE 'tenzor2024%' ORDER BY SCHEMA_NAME='tenzor2024' DESC,SCHEMA_NAME limit 1

2024/12/21 19:40:40 C:/Users/Administrator/Desktop/projects/tz-gin/models/init.go:55
[0.000ms] [rows:-] SELECT count(*) FROM information_schema.tables WHERE table_schema = 'tenzor2024' AND table_name = 'users' AND table_type = 'BASE TABLE'

2024/12/21 19:40:40 C:/Users/Administrator/Desktop/projects/tz-gin/models/init.go:55
[0.000ms] [rows:-] SELECT DATABASE()

2024/12/21 19:40:40 C:/Users/Administrator/Desktop/projects/tz-gin/models/init.go:55
[0.000ms] [rows:1] SELECT SCHEMA_NAME from Information_schema.SCHEMATA where SCHEMA_NAME LIKE 'tenzor2024%' ORDER BY SCHEMA_NAME='tenzor2024' DESC,SCHEMA_NAME limit 1

2024/12/21 19:40:40 C:/Users/Administrator/Desktop/projects/tz-gin/models/init.go:55
[0.626ms] [rows:-] SELECT * FROM `users` LIMIT 1

2024/12/21 19:40:40 C:/Users/Administrator/Desktop/projects/tz-gin/models/init.go:55
[0.506ms] [rows:-] SELECT column_name, column_default, is_nullable = 'YES', data_type, character_maximum_length, column_type, column_key, extra, column_comment, numeric_precision, numeric_scale , datetime_precision FROM information_schema.columns WHERE table_schema = 'tenzor2024' AND table_name = 'users' ORDER BY ORDINAL_POSITION

2024/12/21 19:40:40 C:/Users/Administrator/Desktop/projects/tz-gin/models/init.go:55
[0.501ms] [rows:-] SELECT DATABASE()

2024/12/21 19:40:40 C:/Users/Administrator/Desktop/projects/tz-gin/models/init.go:55
[0.576ms] [rows:1] SELECT SCHEMA_NAME from Information_schema.SCHEMATA where SCHEMA_NAME LIKE 'tenzor2024%' ORDER BY SCHEMA_NAME='tenzor2024' DESC,SCHEMA_NAME limit 1

2024/12/21 19:40:40 C:/Users/Administrator/Desktop/projects/tz-gin/models/init.go:55
[0.501ms] [rows:-] SELECT count(*) FROM information_schema.statistics WHERE table_schema = 'tenzor2024' AND table_name = 'users' AND index_name = 'idx_users_deleted_at'
